<?xml version="1.0" encoding="UTF-8"?>
<testng-results ignored="0" total="1" passed="1" failed="0" skipped="0">
  <reporter-output>
  </reporter-output>
  <suite started-at="2025-10-13T22:08:12 CEST" name="Default suite" finished-at="2025-10-13T22:08:18 CEST" duration-ms="6637">
    <groups>
    </groups>
    <test started-at="2025-10-13T22:08:12 CEST" name="Default test" finished-at="2025-10-13T22:08:18 CEST" duration-ms="6637">
      <class name="com.MobileApp.CreateSession.DriverSessionUsingDesiredCapabilities">
        <test-method signature="testDriverSession()[pri:0, instance:com.MobileApp.CreateSession.DriverSessionUsingDesiredCapabilities@f5ac9e4]" started-at="2025-10-13T22:08:12 CEST" name="testDriverSession" finished-at="2025-10-13T22:08:18 CEST" duration-ms="6620" status="PASS">
          <reporter-output>
          </reporter-output>
        </test-method> <!-- testDriverSession -->
      </class> <!-- com.MobileApp.CreateSession.DriverSessionUsingDesiredCapabilities -->
    </test> <!-- Default test -->
  </suite> <!-- Default suite -->
</testng-results>
