<?xml version="1.0" encoding="UTF-8"?>
<testng-results ignored="0" total="1" passed="1" failed="0" skipped="0">
  <reporter-output>
  </reporter-output>
  <suite started-at="2025-10-14T23:26:46 CEST" name="Default suite" finished-at="2025-10-14T23:26:57 CEST" duration-ms="11716">
    <groups>
    </groups>
    <test started-at="2025-10-14T23:26:46 CEST" name="Default test" finished-at="2025-10-14T23:26:57 CEST" duration-ms="11716">
      <class name="com.MobileApp.TestScenarios.T03_LongClickGesture">
        <test-method signature="testLongClickGesture()[pri:0, instance:com.MobileApp.TestScenarios.T03_LongClickGesture@5bd03f44]" started-at="2025-10-14T23:26:46 CEST" name="testLongClickGesture" finished-at="2025-10-14T23:26:57 CEST" duration-ms="11699" status="PASS">
          <reporter-output>
          </reporter-output>
        </test-method> <!-- testLongClickGesture -->
      </class> <!-- com.MobileApp.TestScenarios.T03_LongClickGesture -->
    </test> <!-- Default test -->
  </suite> <!-- Default suite -->
</testng-results>
